{
  "RSpec": {
    "coverage": {
      "C:/Users/Danie/Desktop/Makers/OysterCards/spec/journey_spec.rb": {
        "lines": [
          1,
          1,
          null,
          1,
          2,
          2,
          2,
          null,
          null,
          1,
          2,
          1,
          1,
          1,
          4,
          null,
          null
        ]
      },
      "C:/Users/Danie/Desktop/Makers/OysterCards/lib/journey.rb": {
        "lines": [
          1,
          1,
          1,
          null,
          1,
          4,
          5,
          null,
          null,
          1,
          1,
          null,
          null,
          1,
          null,
          1,
          1,
          null,
          null,
          1,
          0,
          null,
          null,
          1,
          0,
          null,
          null,
          null
        ]
      },
      "C:/Users/Danie/Desktop/Makers/OysterCards/lib/station.rb": {
        "lines": [
          1,
          1,
          1,
          1,
          1,
          1,
          null,
          null,
          1,
          1,
          null,
          null,
          null
        ]
      }
    },
    "timestamp": 1594730964
  }
}
