{
  "RSpec": {
    "coverage": {
      "C:/Users/Danie/Desktop/Makers/OysterCards/spec/oystercard_spec.rb": {
        "lines": [
          null,
          null,
          1,
          null,
          1,
          2,
          2,
          2,
          2,
          2,
          2,
          2,
          2,
          2,
          null,
          null,
          1,
          5,
          6,
          2,
          3,
          1,
          1,
          null,
          1,
          2,
          null,
          1,
          2,
          null,
          1,
          1,
          4,
          null,
          1,
          2,
          null,
          1,
          1,
          1,
          null,
          1,
          4,
          1,
          null,
          1,
          1,
          4,
          null,
          1,
          2,
          null,
          1,
          4,
          1,
          null,
          1,
          1,
          4,
          null,
          1,
          1,
          2,
          null,
          null
        ]
      },
      "C:/Users/Danie/Desktop/Makers/OysterCards/lib/oystercard.rb": {
        "lines": [
          1,
          null,
          1,
          1,
          1,
          1,
          1,
          null,
          19,
          null,
          18,
          18,
          null,
          null,
          1,
          null,
          3,
          null,
          2,
          null,
          null,
          1,
          5,
          null,
          4,
          4,
          null,
          null,
          1,
          4,
          3,
          3,
          null,
          null,
          1,
          2,
          null,
          null,
          1,
          null,
          1,
          4,
          null,
          3,
          null,
          null,
          null,
          null
        ]
      },
      "C:/Users/Danie/Desktop/Makers/OysterCards/lib/station.rb": {
        "lines": [
          1,
          null,
          null
        ]
      }
    },
    "timestamp": 1594672377
  }
}
